<?xml version="1.0" encoding="UTF-8"?>
<testsuite xmlns:xsi="http://www.w3.org/2001/XMLSchema-instance" xsi:noNamespaceSchemaLocation="https://maven.apache.org/surefire/maven-surefire-plugin/xsd/surefire-test-report-3.0.xsd" version="3.0" name="cn.edu.xmu.javaee.restfuldemo.AdminProductControllerTest" time="3.265" tests="10" errors="0" skipped="0" failures="0">
  <properties>
[...]
</properties>
  <testcase name="modifyDraftGivenWrongShop" classname="cn.edu.xmu.javaee.restfuldemo.AdminProductControllerTest" time="0.952">
    <system-out><![CDATA[06:42:51,679 |-INFO in ch.qos.logback.classic.LoggerContext[default] - This is logback-classic version 1.4.11
06:42:51,681 |-INFO in ch.qos.logback.classic.util.ContextInitializer@57576994 - Here is a list of configurators discovered as a service, by rank: 
06:42:51,681 |-INFO in ch.qos.logback.classic.util.ContextInitializer@57576994 -   org.springframework.boot.logging.logback.RootLogLevelConfigurator
06:42:51,681 |-INFO in ch.qos.logback.classic.util.ContextInitializer@57576994 - They will be invoked in order until ExecutionStatus.DO_NOT_INVOKE_NEXT_IF_ANY is returned.
06:42:51,681 |-INFO in ch.qos.logback.classic.util.ContextInitializer@57576994 - Constructed configurator of type class org.springframework.boot.logging.logback.RootLogLevelConfigurator
06:42:51,687 |-INFO in ch.qos.logback.classic.util.ContextInitializer@57576994 - org.springframework.boot.logging.logback.RootLogLevelConfigurator.configure() call lasted 0 milliseconds. ExecutionStatus=INVOKE_NEXT_IF_ANY
06:42:51,687 |-INFO in ch.qos.logback.classic.util.ContextInitializer@57576994 - Trying to configure with ch.qos.logback.classic.joran.SerializedModelConfigurator
06:42:51,687 |-INFO in ch.qos.logback.classic.util.ContextInitializer@57576994 - Constructed configurator of type class ch.qos.logback.classic.joran.SerializedModelConfigurator
06:42:51,700 |-INFO in ch.qos.logback.classic.LoggerContext[default] - Could NOT find resource [logback-test.scmo]
06:42:51,700 |-INFO in ch.qos.logback.classic.LoggerContext[default] - Could NOT find resource [logback.scmo]
06:42:51,700 |-INFO in ch.qos.logback.classic.util.ContextInitializer@57576994 - ch.qos.logback.classic.joran.SerializedModelConfigurator.configure() call lasted 13 milliseconds. ExecutionStatus=INVOKE_NEXT_IF_ANY
06:42:51,700 |-INFO in ch.qos.logback.classic.util.ContextInitializer@57576994 - Trying to configure with ch.qos.logback.classic.util.DefaultJoranConfigurator
06:42:51,700 |-INFO in ch.qos.logback.classic.util.ContextInitializer@57576994 - Constructed configurator of type class ch.qos.logback.classic.util.DefaultJoranConfigurator
06:42:51,701 |-INFO in ch.qos.logback.classic.LoggerContext[default] - Could NOT find resource [logback-test.xml]
06:42:51,703 |-INFO in ch.qos.logback.classic.LoggerContext[default] - Found resource [logback.xml] at [file:/C:/Users/mingQ/IdeaProjects/JavaEEPlatform/4.SpringMVC/RestFulDemo/target/classes/logback.xml]
06:42:51,780 |-INFO in ch.qos.logback.core.model.processor.AppenderModelHandler - Processing appender named [STDOUT]
06:42:51,780 |-INFO in ch.qos.logback.core.model.processor.AppenderModelHandler - About to instantiate appender of type [ch.qos.logback.core.ConsoleAppender]
06:42:51,809 |-INFO in ch.qos.logback.core.model.processor.AppenderModelHandler - Processing appender named [FILE]
06:42:51,809 |-INFO in ch.qos.logback.core.model.processor.AppenderModelHandler - About to instantiate appender of type [ch.qos.logback.core.rolling.RollingFileAppender]
06:42:51,815 |-INFO in c.q.l.core.rolling.TimeBasedRollingPolicy@1634387050 - No compression will be used
06:42:51,816 |-INFO in c.q.l.core.rolling.TimeBasedRollingPolicy@1634387050 - Will use the pattern logs/restfuldemo.log.%d{yyyy-MM-dd}.log for the active file
06:42:51,819 |-INFO in c.q.l.core.rolling.DefaultTimeBasedFileNamingAndTriggeringPolicy - The date pattern is 'yyyy-MM-dd' from file name pattern 'logs/restfuldemo.log.%d{yyyy-MM-dd}.log'.
06:42:51,819 |-INFO in c.q.l.core.rolling.DefaultTimeBasedFileNamingAndTriggeringPolicy - Roll-over at midnight.
06:42:51,820 |-INFO in c.q.l.core.rolling.DefaultTimeBasedFileNamingAndTriggeringPolicy - Setting initial period to 2023-10-11T22:42:51.819Z
06:42:51,822 |-INFO in ch.qos.logback.core.rolling.RollingFileAppender[FILE] - Active log file name: logs/restfuldemo.log.2023-10-12.log
06:42:51,822 |-INFO in ch.qos.logback.core.rolling.RollingFileAppender[FILE] - File property is set to [null]
06:42:51,823 |-WARN in ch.qos.logback.core.model.processor.AppenderModelHandler - Appender named [DruidFILE] not referenced. Skipping further processing.
06:42:51,824 |-INFO in ch.qos.logback.classic.model.processor.LoggerModelHandler - Setting level of logger [cn.edu.xmu.javaee.restfuldemo] to DEBUG
06:42:51,824 |-INFO in ch.qos.logback.classic.model.processor.RootLoggerModelHandler - Setting level of ROOT logger to ERROR
06:42:51,824 |-INFO in ch.qos.logback.core.model.processor.AppenderRefModelHandler - Attaching appender named [STDOUT] to Logger[ROOT]
06:42:51,824 |-INFO in ch.qos.logback.core.model.processor.AppenderRefModelHandler - Attaching appender named [FILE] to Logger[ROOT]
06:42:51,824 |-INFO in ch.qos.logback.core.model.processor.DefaultProcessor@31920ade - End of configuration.
06:42:51,825 |-INFO in ch.qos.logback.classic.joran.JoranConfigurator@1d483de4 - Registering current configuration as safe fallback point
06:42:51,825 |-INFO in ch.qos.logback.classic.util.ContextInitializer@57576994 - ch.qos.logback.classic.util.DefaultJoranConfigurator.configure() call lasted 125 milliseconds. ExecutionStatus=DO_NOT_INVOKE_NEXT_IF_ANY

06:42:52,259 |-INFO in ch.qos.logback.core.model.processor.AppenderModelHandler - Processing appender named [STDOUT]
06:42:52,259 |-INFO in ch.qos.logback.core.model.processor.AppenderModelHandler - About to instantiate appender of type [ch.qos.logback.core.ConsoleAppender]
06:42:52,260 |-INFO in ch.qos.logback.core.model.processor.AppenderModelHandler - Processing appender named [FILE]
06:42:52,260 |-INFO in ch.qos.logback.core.model.processor.AppenderModelHandler - About to instantiate appender of type [ch.qos.logback.core.rolling.RollingFileAppender]
06:42:52,260 |-INFO in c.q.l.core.rolling.TimeBasedRollingPolicy@1062181581 - No compression will be used
06:42:52,260 |-INFO in c.q.l.core.rolling.TimeBasedRollingPolicy@1062181581 - Will use the pattern logs/restfuldemo.log.%d{yyyy-MM-dd}.log for the active file
06:42:52,261 |-INFO in c.q.l.core.rolling.DefaultTimeBasedFileNamingAndTriggeringPolicy - The date pattern is 'yyyy-MM-dd' from file name pattern 'logs/restfuldemo.log.%d{yyyy-MM-dd}.log'.
06:42:52,261 |-INFO in c.q.l.core.rolling.DefaultTimeBasedFileNamingAndTriggeringPolicy - Roll-over at midnight.
06:42:52,261 |-INFO in c.q.l.core.rolling.DefaultTimeBasedFileNamingAndTriggeringPolicy - Setting initial period to 2023-10-11T22:42:52.261Z
06:42:52,262 |-INFO in ch.qos.logback.core.rolling.RollingFileAppender[FILE] - Active log file name: logs/restfuldemo.log.2023-10-12.log
06:42:52,262 |-INFO in ch.qos.logback.core.rolling.RollingFileAppender[FILE] - File property is set to [null]
06:42:52,262 |-WARN in ch.qos.logback.core.model.processor.AppenderModelHandler - Appender named [DruidFILE] not referenced. Skipping further processing.
06:42:52,262 |-INFO in ch.qos.logback.classic.model.processor.LoggerModelHandler - Setting level of logger [cn.edu.xmu.javaee.restfuldemo] to DEBUG
06:42:52,262 |-INFO in ch.qos.logback.classic.jul.LevelChangePropagator@46baf579 - Propagating DEBUG level on Logger[cn.edu.xmu.javaee.restfuldemo] onto the JUL framework
06:42:52,262 |-INFO in ch.qos.logback.classic.model.processor.RootLoggerModelHandler - Setting level of ROOT logger to ERROR
06:42:52,262 |-INFO in ch.qos.logback.classic.jul.LevelChangePropagator@46baf579 - Propagating ERROR level on Logger[ROOT] onto the JUL framework
06:42:52,262 |-INFO in ch.qos.logback.core.model.processor.AppenderRefModelHandler - Attaching appender named [STDOUT] to Logger[ROOT]
06:42:52,262 |-INFO in ch.qos.logback.core.model.processor.AppenderRefModelHandler - Attaching appender named [FILE] to Logger[ROOT]
06:42:52,262 |-INFO in ch.qos.logback.core.model.processor.DefaultProcessor@4bf324f9 - End of configuration.
06:42:52,262 |-INFO in org.springframework.boot.logging.logback.SpringBootJoranConfigurator@4f7c0be3 - Registering current configuration as safe fallback point


  .   ____          _            __ _ _
 /\\ / ___'_ __ _ _(_)_ __  __ _ \ \ \ \
( ( )\___ | '_ | '_| | '_ \/ _` | \ \ \ \
 \\/  ___)| |_)| | | | | || (_| |  ) ) ) )
  '  |____| .__|_| |_|_| |_\__, | / / / /
 =========|_|==============|___/=/_/_/_/
 :: Spring Boot ::                (v3.1.4)

2023-10-12 06:42:52.325 [main] INFO  c.e.x.j.restfuldemo.AdminProductControllerTest - Starting AdminProductControllerTest using Java 17.0.8 with PID 12100 (started by mingQ in C:\Users\mingQ\IdeaProjects\JavaEEPlatform\4.SpringMVC\RestFulDemo)
2023-10-12 06:42:52.326 [main] DEBUG c.e.x.j.restfuldemo.AdminProductControllerTest - Running with Spring Boot v3.1.4, Spring v6.0.12
2023-10-12 06:42:52.326 [main] INFO  c.e.x.j.restfuldemo.AdminProductControllerTest - No active profile set, falling back to 1 default profile: "default"
2023-10-12 06:42:53.834 [main] INFO  c.e.x.j.restfuldemo.AdminProductControllerTest - Started AdminProductControllerTest in 1.763 seconds (process running for 2.636)
]]></system-out>
  </testcase>
  <testcase name="modifyDraft" classname="cn.edu.xmu.javaee.restfuldemo.AdminProductControllerTest" time="0.005"/>
  <testcase name="delProducts" classname="cn.edu.xmu.javaee.restfuldemo.AdminProductControllerTest" time="0.004"/>
  <testcase name="createDraft" classname="cn.edu.xmu.javaee.restfuldemo.AdminProductControllerTest" time="0.019">
    <system-out><![CDATA[2023-10-12 06:42:54.867 [main] DEBUG c.e.x.j.r.controller.AdminProductController - createDraft: vo = ProductDraftVo(name=濂藉ソ瀛︿範, originalPrice=2000, categoryId=null, unit=10, originPlace=鍘﹂棬)
]]></system-out>
  </testcase>
  <testcase name="getProductsGivenNonExistID" classname="cn.edu.xmu.javaee.restfuldemo.AdminProductControllerTest" time="0.005">
    <system-out><![CDATA[2023-10-12 06:42:54.882 [main] DEBUG c.e.x.j.r.controller.AdminProductController - getProducts: shopId = 2, id = 11
]]></system-out>
  </testcase>
  <testcase name="delProductsGivenNonExistID" classname="cn.edu.xmu.javaee.restfuldemo.AdminProductControllerTest" time="0.004"/>
  <testcase name="getProducts" classname="cn.edu.xmu.javaee.restfuldemo.AdminProductControllerTest" time="0.009">
    <system-out><![CDATA[2023-10-12 06:42:54.892 [main] DEBUG c.e.x.j.r.controller.AdminProductController - getProducts: shopId = 2, id = 1
2023-10-12 06:42:54.892 [main] DEBUG c.e.xmu.javaee.restfuldemo.service.ProductService - getDraft: draft = ProductDraft(super=cn.edu.xmu.javaee.restfuldemo.dao.bo.ProductDraft@4bcb29c7, id=1, name=娴嬭瘯1, originalPrice=100, originPlace=鍘﹂棬, categoryId=2, productId=100, shopId=2)
]]></system-out>
  </testcase>
  <testcase name="getProductsGivenWrongShop" classname="cn.edu.xmu.javaee.restfuldemo.AdminProductControllerTest" time="0.006">
    <system-out><![CDATA[2023-10-12 06:42:54.903 [main] DEBUG c.e.x.j.r.controller.AdminProductController - getProducts: shopId = 4, id = 1
]]></system-out>
  </testcase>
  <testcase name="modifyDraftGivenNonExistID" classname="cn.edu.xmu.javaee.restfuldemo.AdminProductControllerTest" time="0.004"/>
  <testcase name="delProductsGivenWrongShop" classname="cn.edu.xmu.javaee.restfuldemo.AdminProductControllerTest" time="0.004"/>
</testsuite>