<?xml version="1.0" encoding="UTF-8"?>
<testsuite xmlns:xsi="http://www.w3.org/2001/XMLSchema-instance" xsi:noNamespaceSchemaLocation="https://maven.apache.org/surefire/maven-surefire-plugin/xsd/surefire-test-report-3.0.xsd" version="3.0" name="cn.edu.xmu.javaee.restfuldemo.AdminProductControllerTest" time="2.737" tests="10" errors="0" skipped="0" failures="0">
  <properties>
[...]
</properties>
  <testcase name="modifyDraftGivenWrongShop" classname="cn.edu.xmu.javaee.restfuldemo.AdminProductControllerTest" time="0.75">
    <system-out><![CDATA[15:25:42,659 |-INFO in ch.qos.logback.classic.LoggerContext[default] - This is logback-classic version 1.4.11
15:25:42,659 |-INFO in ch.qos.logback.classic.util.ContextInitializer@2931522b - Here is a list of configurators discovered as a service, by rank: 
15:25:42,659 |-INFO in ch.qos.logback.classic.util.ContextInitializer@2931522b -   org.springframework.boot.logging.logback.RootLogLevelConfigurator
15:25:42,659 |-INFO in ch.qos.logback.classic.util.ContextInitializer@2931522b - They will be invoked in order until ExecutionStatus.DO_NOT_INVOKE_NEXT_IF_ANY is returned.
15:25:42,659 |-INFO in ch.qos.logback.classic.util.ContextInitializer@2931522b - Constructed configurator of type class org.springframework.boot.logging.logback.RootLogLevelConfigurator
15:25:42,676 |-INFO in ch.qos.logback.classic.util.ContextInitializer@2931522b - org.springframework.boot.logging.logback.RootLogLevelConfigurator.configure() call lasted 0 milliseconds. ExecutionStatus=INVOKE_NEXT_IF_ANY
15:25:42,676 |-INFO in ch.qos.logback.classic.util.ContextInitializer@2931522b - Trying to configure with ch.qos.logback.classic.joran.SerializedModelConfigurator
15:25:42,676 |-INFO in ch.qos.logback.classic.util.ContextInitializer@2931522b - Constructed configurator of type class ch.qos.logback.classic.joran.SerializedModelConfigurator
15:25:42,690 |-INFO in ch.qos.logback.classic.LoggerContext[default] - Could NOT find resource [logback-test.scmo]
15:25:42,690 |-INFO in ch.qos.logback.classic.LoggerContext[default] - Could NOT find resource [logback.scmo]
15:25:42,690 |-INFO in ch.qos.logback.classic.util.ContextInitializer@2931522b - ch.qos.logback.classic.joran.SerializedModelConfigurator.configure() call lasted 14 milliseconds. ExecutionStatus=INVOKE_NEXT_IF_ANY
15:25:42,690 |-INFO in ch.qos.logback.classic.util.ContextInitializer@2931522b - Trying to configure with ch.qos.logback.classic.util.DefaultJoranConfigurator
15:25:42,690 |-INFO in ch.qos.logback.classic.util.ContextInitializer@2931522b - Constructed configurator of type class ch.qos.logback.classic.util.DefaultJoranConfigurator
15:25:42,690 |-INFO in ch.qos.logback.classic.LoggerContext[default] - Could NOT find resource [logback-test.xml]
15:25:42,690 |-INFO in ch.qos.logback.classic.LoggerContext[default] - Found resource [logback.xml] at [file:/D:/Service_learn/JavaEEPlatform/4.SpringMVC/RestFulDemo/target/classes/logback.xml]
15:25:42,769 |-INFO in ch.qos.logback.core.model.processor.AppenderModelHandler - Processing appender named [STDOUT]
15:25:42,769 |-INFO in ch.qos.logback.core.model.processor.AppenderModelHandler - About to instantiate appender of type [ch.qos.logback.core.ConsoleAppender]
15:25:42,785 |-INFO in ch.qos.logback.core.model.processor.AppenderModelHandler - Processing appender named [FILE]
15:25:42,785 |-INFO in ch.qos.logback.core.model.processor.AppenderModelHandler - About to instantiate appender of type [ch.qos.logback.core.rolling.RollingFileAppender]
15:25:42,800 |-INFO in c.q.l.core.rolling.TimeBasedRollingPolicy@1987360300 - No compression will be used
15:25:42,800 |-INFO in c.q.l.core.rolling.TimeBasedRollingPolicy@1987360300 - Will use the pattern logs/restfuldemo.log.%d{yyyy-MM-dd}.log for the active file
15:25:42,800 |-INFO in c.q.l.core.rolling.DefaultTimeBasedFileNamingAndTriggeringPolicy - The date pattern is 'yyyy-MM-dd' from file name pattern 'logs/restfuldemo.log.%d{yyyy-MM-dd}.log'.
15:25:42,800 |-INFO in c.q.l.core.rolling.DefaultTimeBasedFileNamingAndTriggeringPolicy - Roll-over at midnight.
15:25:42,800 |-INFO in c.q.l.core.rolling.DefaultTimeBasedFileNamingAndTriggeringPolicy - Setting initial period to 2024-10-25T07:25:42.800Z
15:25:42,800 |-INFO in ch.qos.logback.core.rolling.RollingFileAppender[FILE] - Active log file name: logs/restfuldemo.log.2024-10-25.log
15:25:42,800 |-INFO in ch.qos.logback.core.rolling.RollingFileAppender[FILE] - File property is set to [null]
15:25:42,800 |-WARN in ch.qos.logback.core.model.processor.AppenderModelHandler - Appender named [DruidFILE] not referenced. Skipping further processing.
15:25:42,800 |-INFO in ch.qos.logback.classic.model.processor.LoggerModelHandler - Setting level of logger [cn.edu.xmu.javaee.restfuldemo] to DEBUG
15:25:42,800 |-INFO in ch.qos.logback.classic.model.processor.RootLoggerModelHandler - Setting level of ROOT logger to ERROR
15:25:42,800 |-INFO in ch.qos.logback.core.model.processor.AppenderRefModelHandler - Attaching appender named [STDOUT] to Logger[ROOT]
15:25:42,800 |-INFO in ch.qos.logback.core.model.processor.AppenderRefModelHandler - Attaching appender named [FILE] to Logger[ROOT]
15:25:42,800 |-INFO in ch.qos.logback.core.model.processor.DefaultProcessor@c7045b9 - End of configuration.
15:25:42,800 |-INFO in ch.qos.logback.classic.joran.JoranConfigurator@f99f5e0 - Registering current configuration as safe fallback point
15:25:42,800 |-INFO in ch.qos.logback.classic.util.ContextInitializer@2931522b - ch.qos.logback.classic.util.DefaultJoranConfigurator.configure() call lasted 110 milliseconds. ExecutionStatus=DO_NOT_INVOKE_NEXT_IF_ANY

15:25:43,114 |-INFO in ch.qos.logback.core.model.processor.AppenderModelHandler - Processing appender named [STDOUT]
15:25:43,114 |-INFO in ch.qos.logback.core.model.processor.AppenderModelHandler - About to instantiate appender of type [ch.qos.logback.core.ConsoleAppender]
15:25:43,114 |-INFO in ch.qos.logback.core.model.processor.AppenderModelHandler - Processing appender named [FILE]
15:25:43,114 |-INFO in ch.qos.logback.core.model.processor.AppenderModelHandler - About to instantiate appender of type [ch.qos.logback.core.rolling.RollingFileAppender]
15:25:43,114 |-INFO in c.q.l.core.rolling.TimeBasedRollingPolicy@667680223 - No compression will be used
15:25:43,114 |-INFO in c.q.l.core.rolling.TimeBasedRollingPolicy@667680223 - Will use the pattern logs/restfuldemo.log.%d{yyyy-MM-dd}.log for the active file
15:25:43,114 |-INFO in c.q.l.core.rolling.DefaultTimeBasedFileNamingAndTriggeringPolicy - The date pattern is 'yyyy-MM-dd' from file name pattern 'logs/restfuldemo.log.%d{yyyy-MM-dd}.log'.
15:25:43,114 |-INFO in c.q.l.core.rolling.DefaultTimeBasedFileNamingAndTriggeringPolicy - Roll-over at midnight.
15:25:43,114 |-INFO in c.q.l.core.rolling.DefaultTimeBasedFileNamingAndTriggeringPolicy - Setting initial period to 2024-10-25T07:25:43.114Z
15:25:43,114 |-INFO in ch.qos.logback.core.rolling.RollingFileAppender[FILE] - Active log file name: logs/restfuldemo.log.2024-10-25.log
15:25:43,114 |-INFO in ch.qos.logback.core.rolling.RollingFileAppender[FILE] - File property is set to [null]
15:25:43,114 |-WARN in ch.qos.logback.core.model.processor.AppenderModelHandler - Appender named [DruidFILE] not referenced. Skipping further processing.
15:25:43,114 |-INFO in ch.qos.logback.classic.model.processor.LoggerModelHandler - Setting level of logger [cn.edu.xmu.javaee.restfuldemo] to DEBUG
15:25:43,114 |-INFO in ch.qos.logback.classic.jul.LevelChangePropagator@27ead29e - Propagating DEBUG level on Logger[cn.edu.xmu.javaee.restfuldemo] onto the JUL framework
15:25:43,114 |-INFO in ch.qos.logback.classic.model.processor.RootLoggerModelHandler - Setting level of ROOT logger to ERROR
15:25:43,114 |-INFO in ch.qos.logback.classic.jul.LevelChangePropagator@27ead29e - Propagating ERROR level on Logger[ROOT] onto the JUL framework
15:25:43,114 |-INFO in ch.qos.logback.core.model.processor.AppenderRefModelHandler - Attaching appender named [STDOUT] to Logger[ROOT]
15:25:43,114 |-INFO in ch.qos.logback.core.model.processor.AppenderRefModelHandler - Attaching appender named [FILE] to Logger[ROOT]
15:25:43,114 |-INFO in ch.qos.logback.core.model.processor.DefaultProcessor@4c060c8f - End of configuration.
15:25:43,114 |-INFO in org.springframework.boot.logging.logback.SpringBootJoranConfigurator@40620d8e - Registering current configuration as safe fallback point


  .   ____          _            __ _ _
 /\\ / ___'_ __ _ _(_)_ __  __ _ \ \ \ \
( ( )\___ | '_ | '_| | '_ \/ _` | \ \ \ \
 \\/  ___)| |_)| | | | | || (_| |  ) ) ) )
  '  |____| .__|_| |_|_| |_\__, | / / / /
 =========|_|==============|___/=/_/_/_/
 :: Spring Boot ::                (v3.1.4)

2024-10-25 15:25:43.167 [main] INFO  c.e.x.j.restfuldemo.AdminProductControllerTest - Starting AdminProductControllerTest using Java 19.0.2 with PID 27584 (started by bufu in D:\Service_learn\JavaEEPlatform\4.SpringMVC\RestFulDemo)
2024-10-25 15:25:43.167 [main] DEBUG c.e.x.j.restfuldemo.AdminProductControllerTest - Running with Spring Boot v3.1.4, Spring v6.0.12
2024-10-25 15:25:43.167 [main] INFO  c.e.x.j.restfuldemo.AdminProductControllerTest - No active profile set, falling back to 1 default profile: "default"
2024-10-25 15:25:44.465 [main] INFO  c.e.x.j.restfuldemo.AdminProductControllerTest - Started AdminProductControllerTest in 1.463 seconds (process running for 2.211)
]]></system-out>
  </testcase>
  <testcase name="modifyDraft" classname="cn.edu.xmu.javaee.restfuldemo.AdminProductControllerTest" time="0.016"/>
  <testcase name="delProducts" classname="cn.edu.xmu.javaee.restfuldemo.AdminProductControllerTest" time="0"/>
  <testcase name="createDraft" classname="cn.edu.xmu.javaee.restfuldemo.AdminProductControllerTest" time="0.015">
    <system-out><![CDATA[2024-10-25 15:25:45.341 [main] DEBUG c.e.x.j.r.controller.AdminProductController - createDraft: vo = ProductDraftVo(name=好好学习, originalPrice=2000, categoryId=null, unit=10, originPlace=厦门)
]]></system-out>
  </testcase>
  <testcase name="getProductsGivenNonExistID" classname="cn.edu.xmu.javaee.restfuldemo.AdminProductControllerTest" time="0.016">
    <system-out><![CDATA[2024-10-25 15:25:45.341 [main] DEBUG c.e.x.j.r.controller.AdminProductController - getProducts: shopId = 2, id = 11
]]></system-out>
  </testcase>
  <testcase name="delProductsGivenNonExistID" classname="cn.edu.xmu.javaee.restfuldemo.AdminProductControllerTest" time="0"/>
  <testcase name="getProducts" classname="cn.edu.xmu.javaee.restfuldemo.AdminProductControllerTest" time="0">
    <system-out><![CDATA[2024-10-25 15:25:45.357 [main] DEBUG c.e.x.j.r.controller.AdminProductController - getProducts: shopId = 2, id = 1
2024-10-25 15:25:45.357 [main] DEBUG c.e.xmu.javaee.restfuldemo.service.ProductService - getDraft: draft = ProductDraft(super=cn.edu.xmu.javaee.restfuldemo.dao.bo.ProductDraft@4bcb29c7, id=1, name=测试1, originalPrice=100, originPlace=厦门, categoryId=2, productId=100, shopId=2)
]]></system-out>
  </testcase>
  <testcase name="getProductsGivenWrongShop" classname="cn.edu.xmu.javaee.restfuldemo.AdminProductControllerTest" time="0.016">
    <system-out><![CDATA[2024-10-25 15:25:45.373 [main] DEBUG c.e.x.j.r.controller.AdminProductController - getProducts: shopId = 4, id = 1
]]></system-out>
  </testcase>
  <testcase name="modifyDraftGivenNonExistID" classname="cn.edu.xmu.javaee.restfuldemo.AdminProductControllerTest" time="0.007"/>
  <testcase name="delProductsGivenWrongShop" classname="cn.edu.xmu.javaee.restfuldemo.AdminProductControllerTest" time="0"/>
</testsuite>